<?xml version="1.0" encoding="UTF-8"?>
<testsuite xmlns:xsi="http://www.w3.org/2001/XMLSchema-instance" xsi:noNamespaceSchemaLocation="https://maven.apache.org/surefire/maven-surefire-plugin/xsd/surefire-test-report-3.0.xsd" version="3.0" name="com.eventsphere.EventSphereApplicationTests" time="7.846" tests="1" errors="0" skipped="0" failures="0">
  <properties>
[...]
</properties>
  <testcase name="saveAndFetchEvent" classname="com.eventsphere.EventSphereApplicationTests" time="0.872">
    <system-out><![CDATA[20:04:24.920 [main] INFO org.springframework.test.context.support.AnnotationConfigContextLoaderUtils -- Could not detect default configuration classes for test class [com.eventsphere.EventSphereApplicationTests]: EventSphereApplicationTests does not declare any static, non-private, non-final, nested classes annotated with @Configuration.
20:04:25.038 [main] INFO org.springframework.boot.test.context.SpringBootTestContextBootstrapper -- Found @SpringBootConfiguration com.eventsphere.EventSphereApplication for test class com.eventsphere.EventSphereApplicationTests

  .   ____          _            __ _ _
 /\\ / ___'_ __ _ _(_)_ __  __ _ \ \ \ \
( ( )\___ | '_ | '_| | '_ \/ _` | \ \ \ \
 \\/  ___)| |_)| | | | | || (_| |  ) ) ) )
  '  |____| .__|_| |_|_| |_\__, | / / / /
 =========|_|==============|___/=/_/_/_/

 :: Spring Boot ::                (v3.3.2)

2025-09-21T20:04:25.570+05:30  INFO 4612 --- [EventSphere] [           main] c.e.EventSphereApplicationTests          : Starting EventSphereApplicationTests using Java 21.0.8 with PID 4612 (started by HP in D:\eventsphere)
2025-09-21T20:04:25.574+05:30  INFO 4612 --- [EventSphere] [           main] c.e.EventSphereApplicationTests          : No active profile set, falling back to 1 default profile: "default"
2025-09-21T20:04:26.876+05:30  INFO 4612 --- [EventSphere] [           main] .s.d.r.c.RepositoryConfigurationDelegate : Bootstrapping Spring Data JPA repositories in DEFAULT mode.
2025-09-21T20:04:26.980+05:30  INFO 4612 --- [EventSphere] [           main] .s.d.r.c.RepositoryConfigurationDelegate : Finished Spring Data repository scanning in 94 ms. Found 5 JPA repository interfaces.
2025-09-21T20:04:27.681+05:30  INFO 4612 --- [EventSphere] [           main] o.hibernate.jpa.internal.util.LogHelper  : HHH000204: Processing PersistenceUnitInfo [name: default]
2025-09-21T20:04:27.783+05:30  INFO 4612 --- [EventSphere] [           main] org.hibernate.Version                    : HHH000412: Hibernate ORM core version 6.5.2.Final
2025-09-21T20:04:27.837+05:30  INFO 4612 --- [EventSphere] [           main] o.h.c.internal.RegionFactoryInitiator    : HHH000026: Second-level cache disabled
2025-09-21T20:04:28.301+05:30  INFO 4612 --- [EventSphere] [           main] o.s.o.j.p.SpringPersistenceUnitInfo      : No LoadTimeWeaver setup: ignoring JPA class transformer
2025-09-21T20:04:28.350+05:30  INFO 4612 --- [EventSphere] [           main] com.zaxxer.hikari.HikariDataSource       : HikariPool-1 - Starting...
2025-09-21T20:04:28.602+05:30  INFO 4612 --- [EventSphere] [           main] com.zaxxer.hikari.pool.HikariPool        : HikariPool-1 - Added connection conn0: url=jdbc:h2:mem:eventsphere user=SA
2025-09-21T20:04:28.604+05:30  INFO 4612 --- [EventSphere] [           main] com.zaxxer.hikari.HikariDataSource       : HikariPool-1 - Start completed.
2025-09-21T20:04:29.784+05:30  INFO 4612 --- [EventSphere] [           main] o.h.e.t.j.p.i.JtaPlatformInitiator       : HHH000489: No JTA platform available (set 'hibernate.transaction.jta.platform' to enable JTA platform integration)
Hibernate: 
    create table event (
        id bigint generated by default as identity,
        capacity integer not null,
        category varchar(255),
        date_time timestamp(6) not null,
        description varchar(2000),
        name varchar(255) not null,
        venue varchar(255) not null,
        primary key (id)
    )
Hibernate: 
    create table event_speakers (
        event_id bigint not null,
        speakers_id bigint not null
    )
Hibernate: 
    create table registration (
        id bigint generated by default as identity,
        attended boolean not null,
        event_id bigint,
        user_id bigint,
        primary key (id)
    )
Hibernate: 
    create table role (
        id bigint generated by default as identity,
        name varchar(255),
        primary key (id)
    )
Hibernate: 
    create table speaker (
        id bigint generated by default as identity,
        bio varchar(2000),
        name varchar(255) not null,
        title varchar(255),
        primary key (id)
    )
Hibernate: 
    create table user_roles (
        user_id bigint not null,
        role_id bigint not null,
        primary key (user_id, role_id)
    )
Hibernate: 
    create table users (
        id bigint generated by default as identity,
        email varchar(255) not null,
        enabled boolean not null,
        password varchar(255) not null,
        username varchar(255) not null,
        primary key (id)
    )
Hibernate: 
    alter table if exists role 
       drop constraint if exists UK8sewwnpamngi6b1dwaa88askk
Hibernate: 
    alter table if exists role 
       add constraint UK8sewwnpamngi6b1dwaa88askk unique (name)
Hibernate: 
    alter table if exists users 
       drop constraint if exists UK6dotkott2kjsp8vw4d0m25fb7
Hibernate: 
    alter table if exists users 
       add constraint UK6dotkott2kjsp8vw4d0m25fb7 unique (email)
Hibernate: 
    alter table if exists users 
       drop constraint if exists UKr43af9ap4edm43mmtq01oddj6
Hibernate: 
    alter table if exists users 
       add constraint UKr43af9ap4edm43mmtq01oddj6 unique (username)
Hibernate: 
    alter table if exists event_speakers 
       add constraint FK1qx2clt6w07k509f0gtrgxpkv 
       foreign key (speakers_id) 
       references speaker
Hibernate: 
    alter table if exists event_speakers 
       add constraint FK4mpddj4rg3nftjefml17ou0sm 
       foreign key (event_id) 
       references event
Hibernate: 
    alter table if exists registration 
       add constraint FKs4x1uat6i8fx26qpdrfwfg3ya 
       foreign key (event_id) 
       references event
Hibernate: 
    alter table if exists registration 
       add constraint FKkyuphiynxwt1mtlfsptc991sc 
       foreign key (user_id) 
       references users
Hibernate: 
    alter table if exists user_roles 
       add constraint FKrhfovtciq1l558cw6udg0h0d3 
       foreign key (role_id) 
       references role
Hibernate: 
    alter table if exists user_roles 
       add constraint FKhfh9dx7w3ubf1co1vdev94g3f 
       foreign key (user_id) 
       references users
2025-09-21T20:04:29.886+05:30  INFO 4612 --- [EventSphere] [           main] j.LocalContainerEntityManagerFactoryBean : Initialized JPA EntityManagerFactory for persistence unit 'default'
2025-09-21T20:04:30.513+05:30  WARN 4612 --- [EventSphere] [           main] JpaBaseConfiguration$JpaWebConfiguration : spring.jpa.open-in-view is enabled by default. Therefore, database queries may be performed during view rendering. Explicitly configure spring.jpa.open-in-view to disable this warning
2025-09-21T20:04:30.592+05:30  INFO 4612 --- [EventSphere] [           main] eAuthenticationProviderManagerConfigurer : Global AuthenticationManager configured with AuthenticationProvider bean with name authenticationProvider
2025-09-21T20:04:30.593+05:30  WARN 4612 --- [EventSphere] [           main] r$InitializeUserDetailsManagerConfigurer : Global AuthenticationManager configured with an AuthenticationProvider bean. UserDetailsService beans will not be used for username/password login. Consider removing the AuthenticationProvider bean. Alternatively, consider using the UserDetailsService in a manually instantiated DaoAuthenticationProvider.
2025-09-21T20:04:30.700+05:30  INFO 4612 --- [EventSphere] [           main] o.s.b.a.w.s.WelcomePageHandlerMapping    : Adding welcome page template: index
2025-09-21T20:04:31.476+05:30  INFO 4612 --- [EventSphere] [           main] o.s.b.a.h2.H2ConsoleAutoConfiguration    : H2 console available at '/h2-console'. Database available at 'jdbc:h2:mem:eventsphere'
2025-09-21T20:04:31.635+05:30  INFO 4612 --- [EventSphere] [           main] c.e.EventSphereApplicationTests          : Started EventSphereApplicationTests in 6.403 seconds (process running for 7.557)
Hibernate: 
    insert 
    into
        event
        (capacity, category, date_time, description, name, venue, id) 
    values
        (?, ?, ?, ?, ?, ?, default)
Hibernate: 
    select
        e1_0.id,
        e1_0.capacity,
        e1_0.category,
        e1_0.date_time,
        e1_0.description,
        e1_0.name,
        e1_0.venue 
    from
        event e1_0 
    where
        e1_0.id=?
]]></system-out>
    <system-err><![CDATA[WARNING: A Java agent has been loaded dynamically (C:\Users\HP\.m2\repository\net\bytebuddy\byte-buddy-agent\1.14.18\byte-buddy-agent-1.14.18.jar)
WARNING: If a serviceability tool is in use, please run with -XX:+EnableDynamicAgentLoading to hide this warning
WARNING: If a serviceability tool is not in use, please run with -Djdk.instrument.traceUsage for more information
WARNING: Dynamic loading of agents will be disallowed by default in a future release
]]></system-err>
  </testcase>
</testsuite>